<?xml version="1.0" encoding="UTF-8"?>
<!-- Generated by org.testng.reporters.JUnitReportReporter -->
<testsuite skipped="0" hostname="LAPTOP-3N0HLSP8" name="com.crm.qa.pageTests.LoginPageTest" tests="3" failures="0" timestamp="2023-01-05T12:19:04 IST" time="46.943" errors="0">
  <testcase name="loginPageTitleTest" time="12.857" classname="com.crm.qa.pageTests.LoginPageTest"/>
  <system-out/>
  <testcase name="loginPageLogoTest" time="15.256" classname="com.crm.qa.pageTests.LoginPageTest"/>
  <system-out/>
  <testcase name="loginTest" time="18.830" classname="com.crm.qa.pageTests.LoginPageTest"/>
  <system-out/>
</testsuite> <!-- com.crm.qa.pageTests.LoginPageTest -->
