<?xml version="1.0" encoding="UTF-8"?>
<!-- Generated by org.testng.reporters.JUnitReportReporter -->
<testsuite skipped="3" hostname="LAPTOP-3N0HLSP8" name="com.crm.qa.pageTests.CompaniesPageTest" tests="7" failures="0" timestamp="2023-01-06T11:47:10 IST" time="109.393" errors="0">
  <testcase name="createNewCompanies" time="27.243" classname="com.crm.qa.pageTests.CompaniesPageTest"/>
  <system-out/>
  <testcase name="createNewCompanies" time="24.852" classname="com.crm.qa.pageTests.CompaniesPageTest"/>
  <system-out/>
  <testcase name="VerifydeletecreateNewCompanies" time="30.387" classname="com.crm.qa.pageTests.CompaniesPageTest"/>
  <system-out/>
  <testcase name="VerifydeletecreateNewCompanies" time="26.911" classname="com.crm.qa.pageTests.CompaniesPageTest"/>
  <system-out/>
  <testcase name="verifyNewCompaniesPageTagLabel" classname="com.crm.qa.pageTests.CompaniesPageTest">
    <skipped/>
  </testcase> <!-- verifyNewCompaniesPageTagLabel -->
  <system-out/>
  <testcase name="verifyNewCompaniesPageLabel" classname="com.crm.qa.pageTests.CompaniesPageTest">
    <skipped/>
  </testcase> <!-- verifyNewCompaniesPageLabel -->
  <system-out/>
  <testcase name="verifyNewCompaniesPageDescriptionLabel" classname="com.crm.qa.pageTests.CompaniesPageTest">
    <skipped/>
  </testcase> <!-- verifyNewCompaniesPageDescriptionLabel -->
  <system-out/>
</testsuite> <!-- com.crm.qa.pageTests.CompaniesPageTest -->
