<?xml version="1.0" encoding="UTF-8"?>
<!-- Generated by org.testng.reporters.JUnitReportReporter -->
<testsuite skipped="0" hostname="LAPTOP-3N0HLSP8" name="com.crm.qa.pageTests.HomePageTest" tests="3" failures="0" timestamp="2023-01-17T16:11:59 IST" time="62.014" errors="0">
  <testcase name="verifyHomePageTitleTest" time="18.006" classname="com.crm.qa.pageTests.HomePageTest"/>
  <system-out/>
  <testcase name="verifyUserNameTest" time="23.875" classname="com.crm.qa.pageTests.HomePageTest"/>
  <system-out/>
  <testcase name="verifyContactsLink" time="20.133" classname="com.crm.qa.pageTests.HomePageTest"/>
  <system-out/>
</testsuite> <!-- com.crm.qa.pageTests.HomePageTest -->
