<?xml version="1.0" encoding="UTF-8"?>
<!-- Generated by org.testng.reporters.JUnitReportReporter -->
<testsuite skipped="0" hostname="LAPTOP-3N0HLSP8" name="com.crm.qa.pageTests.LoginPageTest" tests="3" failures="0" timestamp="2023-01-27T11:21:28 IST" time="61.040" errors="0">
  <testcase name="loginPageLogoTest" time="18.294" classname="com.crm.qa.pageTests.LoginPageTest"/>
  <system-out/>
  <testcase name="loginPageTitleTest" time="13.650" classname="com.crm.qa.pageTests.LoginPageTest"/>
  <system-out/>
  <testcase name="loginTest" time="29.096" classname="com.crm.qa.pageTests.LoginPageTest"/>
  <system-out/>
</testsuite> <!-- com.crm.qa.pageTests.LoginPageTest -->
