<?xml version="1.0" encoding="UTF-8"?>
<!-- Generated by org.testng.reporters.JUnitReportReporter -->
<testsuite skipped="0" hostname="LAPTOP-3N0HLSP8" name="com.crm.qa.pageTests.ContactsPageTest" tests="5" failures="0" timestamp="2023-01-06T09:50:27 IST" time="125.762" errors="0">
  <testcase name="verifyContactsPageLabel" time="25.633" classname="com.crm.qa.pageTests.ContactsPageTest"/>
  <system-out/>
  <testcase name="selectContactsTest" time="21.247" classname="com.crm.qa.pageTests.ContactsPageTest"/>
  <system-out/>
  <testcase name="validateCreateNewContactinC" time="24.888" classname="com.crm.qa.pageTests.ContactsPageTest"/>
  <system-out/>
  <testcase name="validateCreateNewContactinC" time="27.045" classname="com.crm.qa.pageTests.ContactsPageTest"/>
  <system-out/>
  <testcase name="validateCreateNewContactinC" time="26.949" classname="com.crm.qa.pageTests.ContactsPageTest"/>
  <system-out/>
</testsuite> <!-- com.crm.qa.pageTests.ContactsPageTest -->
