<?xml version="1.0" encoding="UTF-8"?>
<!-- Generated by org.testng.reporters.JUnitReportReporter -->
<testsuite skipped="0" hostname="LAPTOP-3N0HLSP8" name="com.crm.qa.pageTests.ContactsPageTest" tests="5" failures="0" timestamp="2023-01-04T12:26:02 IST" time="116.206" errors="0">
  <testcase name="verifycontactsPageLabel" time="23.844" classname="com.crm.qa.pageTests.ContactsPageTest"/>
  <system-out/>
  <testcase name="selectContactsTest" time="18.179" classname="com.crm.qa.pageTests.ContactsPageTest"/>
  <system-out/>
  <testcase name="validateCreateNewContactinC" time="27.634" classname="com.crm.qa.pageTests.ContactsPageTest"/>
  <system-out/>
  <testcase name="validateCreateNewContactinC" time="23.545" classname="com.crm.qa.pageTests.ContactsPageTest"/>
  <system-out/>
  <testcase name="validateCreateNewContactinC" time="23.004" classname="com.crm.qa.pageTests.ContactsPageTest"/>
  <system-out/>
</testsuite> <!-- com.crm.qa.pageTests.ContactsPageTest -->
