<?xml version="1.0" encoding="UTF-8"?>
<!-- Generated by org.testng.reporters.JUnitReportReporter -->
<testsuite skipped="0" hostname="LAPTOP-3N0HLSP8" name="com.crm.qa.pageTests.DealsPageTest" tests="2" failures="0" timestamp="2023-01-27T15:19:28 IST" time="82.453" errors="0">
  <testcase name="verifyDealsPageLabel" time="37.377" classname="com.crm.qa.pageTests.DealsPageTest"/>
  <system-out/>
  <testcase name="verifyCreateNewDeals" time="45.076" classname="com.crm.qa.pageTests.DealsPageTest"/>
  <system-out/>
</testsuite> <!-- com.crm.qa.pageTests.DealsPageTest -->
