<?xml version="1.0" encoding="UTF-8"?>
<!-- Generated by org.testng.reporters.JUnitReportReporter -->
<testsuite skipped="0" hostname="LAPTOP-3N0HLSP8" name="com.crm.qa.pageTests.LoginPageTest" tests="3" failures="0" timestamp="2023-01-01T20:56:30 IST" time="32.373" errors="0">
  <testcase name="loginPageTitleTest" time="8.511" classname="com.crm.qa.pageTests.LoginPageTest"/>
  <system-out/>
  <testcase name="loginPageLogoTest" time="8.281" classname="com.crm.qa.pageTests.LoginPageTest"/>
  <system-out/>
  <testcase name="loginTest" time="15.581" classname="com.crm.qa.pageTests.LoginPageTest"/>
  <system-out/>
</testsuite> <!-- com.crm.qa.pageTests.LoginPageTest -->
