<?xml version="1.0" encoding="UTF-8"?>
<!-- Generated by org.testng.reporters.JUnitReportReporter -->
<testsuite skipped="3" hostname="LAPTOP-3N0HLSP8" name="com.crm.qa.pageTests.CompaniesPageTest" tests="5" failures="0" timestamp="2023-01-06T09:57:26 IST" time="47.579" errors="0">
  <testcase name="createNewCompanies" time="22.933" classname="com.crm.qa.pageTests.CompaniesPageTest"/>
  <system-out/>
  <testcase name="createNewCompanies" time="24.646" classname="com.crm.qa.pageTests.CompaniesPageTest"/>
  <system-out/>
  <testcase name="verifyNewCompaniesPageTagLabel" classname="com.crm.qa.pageTests.CompaniesPageTest">
    <skipped/>
  </testcase> <!-- verifyNewCompaniesPageTagLabel -->
  <system-out/>
  <testcase name="verifyNewCompaniesPageLabel" classname="com.crm.qa.pageTests.CompaniesPageTest">
    <skipped/>
  </testcase> <!-- verifyNewCompaniesPageLabel -->
  <system-out/>
  <testcase name="verifyNewCompaniesPageDescriptionLabel" classname="com.crm.qa.pageTests.CompaniesPageTest">
    <skipped/>
  </testcase> <!-- verifyNewCompaniesPageDescriptionLabel -->
  <system-out/>
</testsuite> <!-- com.crm.qa.pageTests.CompaniesPageTest -->
